C51 COMPILER V9.60.7.0   PRAC2A                                                            02/07/2023 21:38:19 PAGE 1   


C51 COMPILER V9.60.7.0, COMPILATION OF MODULE PRAC2A
OBJECT MODULE PLACED IN .\Objects\prac2a.obj
COMPILER INVOKED BY: C:\Keil_v5\C51\BIN\C51.EXE prac2a.c OPTIMIZE(8,SPEED) BROWSE DEBUG OBJECTEXTEND PRINT(.\Listings\pr
                    -ac2a.lst) TABS(2) OBJECT(.\Objects\prac2a.obj)

line level    source

   1          #include <reg51.h>
   2          void delay(){
   3   1      TMOD=0x01;
   4   1      TL0=0xFC;
   5   1      TH0=0x65;
   6   1      TR0=1;
   7   1      while(TF0==0);
   8   1      TR0=0;
   9   1      TF0=0;
  10   1      }
  11          
  12          void main(){
  13   1       while(1){
  14   2       P1=0xFF;
  15   2       delay();
  16   2       P1=0x00;
  17   2       delay();
  18   2       
  19   2       }
  20   1      
  21   1      
  22   1      }


MODULE INFORMATION:   STATIC OVERLAYABLE
   CODE SIZE        =     33    ----
   CONSTANT SIZE    =   ----    ----
   XDATA SIZE       =   ----    ----
   PDATA SIZE       =   ----    ----
   DATA SIZE        =   ----    ----
   IDATA SIZE       =   ----    ----
   BIT SIZE         =   ----    ----
END OF MODULE INFORMATION.


C51 COMPILATION COMPLETE.  0 WARNING(S),  0 ERROR(S)
