C51 COMPILER V9.60.7.0   PRAC4C                                                            03/11/2023 23:30:18 PAGE 1   


C51 COMPILER V9.60.7.0, COMPILATION OF MODULE PRAC4C
OBJECT MODULE PLACED IN .\Objects\prac4c.obj
COMPILER INVOKED BY: C:\Keil_v5\C51\BIN\C51.EXE prac4c.c OPTIMIZE(8,SPEED) BROWSE DEBUG OBJECTEXTEND PRINT(.\Listings\pr
                    -ac4c.lst) TABS(2) OBJECT(.\Objects\prac4c.obj)

line level    source

   1          #include <reg51.h>
   2          void delay(){
   3   1      int i;
   4   1        for(i=0;i<10000;i++){}
   5   1      }
   6          void main(){
   7   1      P2=0x00;
   8   1        while(1){
   9   2          P2=0xFF;
  10   2          delay();
  11   2          P2=0x00;
  12   2          delay();
  13   2        }
  14   1      }


MODULE INFORMATION:   STATIC OVERLAYABLE
   CODE SIZE        =     32    ----
   CONSTANT SIZE    =   ----    ----
   XDATA SIZE       =   ----    ----
   PDATA SIZE       =   ----    ----
   DATA SIZE        =   ----    ----
   IDATA SIZE       =   ----    ----
   BIT SIZE         =   ----    ----
END OF MODULE INFORMATION.


C51 COMPILATION COMPLETE.  0 WARNING(S),  0 ERROR(S)
