C51 COMPILER V9.60.7.0   PRAC3B                                                            02/11/2023 22:42:16 PAGE 1   


C51 COMPILER V9.60.7.0, COMPILATION OF MODULE PRAC3B
OBJECT MODULE PLACED IN .\Objects\prac3b.obj
COMPILER INVOKED BY: C:\Keil_v5\C51\BIN\C51.EXE prac3b.c OPTIMIZE(8,SPEED) BROWSE DEBUG OBJECTEXTEND PRINT(.\Listings\pr
                    -ac3b.lst) TABS(2) OBJECT(.\Objects\prac3b.obj)

line level    source

   1          #include<REG51.H>
   2          void ToDelay(void); // delay() function prototype
   3          void main(void)
   4          {
   5   1      while(1)
   6   1      {
   7   2      P1=0xAA; // pattern to turn on alternate LEDs
   8   2      ToDelay();
   9   2      P1=0x55; // Reverse the sequence.
  10   2      ToDelay();
  11   2      }
  12   1      }
  13          void ToDelay()
  14          {
  15   1      unsigned int i,j;
  16   1      for (j =0; j<24; j++)
  17   1      for(i=0;i<1000;i++);
  18   1      }


MODULE INFORMATION:   STATIC OVERLAYABLE
   CODE SIZE        =     43    ----
   CONSTANT SIZE    =   ----    ----
   XDATA SIZE       =   ----    ----
   PDATA SIZE       =   ----    ----
   DATA SIZE        =   ----    ----
   IDATA SIZE       =   ----    ----
   BIT SIZE         =   ----    ----
END OF MODULE INFORMATION.


C51 COMPILATION COMPLETE.  0 WARNING(S),  0 ERROR(S)
