C51 COMPILER V9.60.7.0   PRACPRACTICE2                                                     03/14/2023 19:06:39 PAGE 1   


C51 COMPILER V9.60.7.0, COMPILATION OF MODULE PRACPRACTICE2
OBJECT MODULE PLACED IN .\Objects\pracpractice2.obj
COMPILER INVOKED BY: C:\Keil_v5\C51\BIN\C51.EXE pracpractice2.c OPTIMIZE(8,SPEED) BROWSE DEBUG OBJECTEXTEND PRINT(.\List
                    -ings\pracpractice2.lst) TABS(2) OBJECT(.\Objects\pracpractice2.obj)

line level    source

   1          #include<reg51.h>
   2          /*void delay(){
   3            int i,j;
   4            for(i=0;i<1000;i++){
   5              for(j=0;j<100;j++){}
   6              }
   7          }*/
   8          void main(){
   9   1      while(1){
  10   2      P3=P1;
  11   2      //delay();
  12   2      }
  13   1      }


MODULE INFORMATION:   STATIC OVERLAYABLE
   CODE SIZE        =      5    ----
   CONSTANT SIZE    =   ----    ----
   XDATA SIZE       =   ----    ----
   PDATA SIZE       =   ----    ----
   DATA SIZE        =   ----    ----
   IDATA SIZE       =   ----    ----
   BIT SIZE         =   ----    ----
END OF MODULE INFORMATION.


C51 COMPILATION COMPLETE.  0 WARNING(S),  0 ERROR(S)
