C51 COMPILER V9.60.7.0   PRACPRACTICE                                                      03/14/2023 22:44:12 PAGE 1   


C51 COMPILER V9.60.7.0, COMPILATION OF MODULE PRACPRACTICE
OBJECT MODULE PLACED IN .\Objects\pracpractice.obj
COMPILER INVOKED BY: C:\Keil_v5\C51\BIN\C51.EXE pracpractice.c OPTIMIZE(8,SPEED) BROWSE DEBUG OBJECTEXTEND PRINT(.\Listi
                    -ngs\pracpractice.lst) TABS(2) OBJECT(.\Objects\pracpractice.obj)

line level    source

   1          #include <reg51.h>
   2          void delay(){
   3   1      int i,j;
   4   1      for(i=0;i<1000;i++){
   5   2      for(j=0;j<100;j++){}
   6   2      }
   7   1      }
   8          void main(){
   9   1      int k,m;
  10   1      int num[]={0x3F,0x06,0x5B,0x4F,0x66,0x6D,0x7D,0x07,0x7F,0x6F};
  11   1      int num1[]={0x40,0x79,0x24,0x30,0x19,0x12,0x02,0x78,0x00,0x10};//common anode
  12   1      for(k=0;k<10;k++){
  13   2      //P2=num[k];
  14   2      P1=num1[k];
  15   2      for(m=0;m<10;m++){
  16   3      //P3=num[m];
  17   3        P0=num1[m];
  18   3      delay();
  19   3      }
  20   2      }
  21   1      
  22   1      }


MODULE INFORMATION:   STATIC OVERLAYABLE
   CODE SIZE        =    119    ----
   CONSTANT SIZE    =     40    ----
   XDATA SIZE       =   ----    ----
   PDATA SIZE       =   ----    ----
   DATA SIZE        =   ----      40
   IDATA SIZE       =   ----    ----
   BIT SIZE         =   ----    ----
END OF MODULE INFORMATION.


C51 COMPILATION COMPLETE.  0 WARNING(S),  0 ERROR(S)
