C51 COMPILER V9.60.7.0   PRAC3A                                                            02/11/2023 22:34:59 PAGE 1   


C51 COMPILER V9.60.7.0, COMPILATION OF MODULE PRAC3A
OBJECT MODULE PLACED IN .\Objects\prac3a.obj
COMPILER INVOKED BY: C:\Keil_v5\C51\BIN\C51.EXE prac3a.c OPTIMIZE(8,SPEED) BROWSE DEBUG OBJECTEXTEND PRINT(.\Listings\pr
                    -ac3a.lst) TABS(2) OBJECT(.\Objects\prac3a.obj)

line level    source

   1          #include<reg52.h>
   2          void delay(unsigned int i){
   3   1        unsigned int j;
   4   1      for(j=0;j<i;j++);
   5   1      }
   6          void main(){
   7   1      P1=00000000;
   8   1      while(1){
   9   2      P1++;
  10   2      delay(10000);
  11   2      }
  12   1      
  13   1      }


MODULE INFORMATION:   STATIC OVERLAYABLE
   CODE SIZE        =     32    ----
   CONSTANT SIZE    =   ----    ----
   XDATA SIZE       =   ----    ----
   PDATA SIZE       =   ----    ----
   DATA SIZE        =   ----    ----
   IDATA SIZE       =   ----    ----
   BIT SIZE         =   ----    ----
END OF MODULE INFORMATION.


C51 COMPILATION COMPLETE.  0 WARNING(S),  0 ERROR(S)
