C51 COMPILER V9.60.7.0   PRAC2B_CONTRO2                                                    02/11/2023 22:01:10 PAGE 1   


C51 COMPILER V9.60.7.0, COMPILATION OF MODULE PRAC2B_CONTRO2
OBJECT MODULE PLACED IN .\Objects\prac2b_contro2.obj
COMPILER INVOKED BY: C:\Keil_v5\C51\BIN\C51.EXE prac2b_contro2.c OPTIMIZE(8,SPEED) BROWSE DEBUG OBJECTEXTEND PRINT(.\Lis
                    -tings\prac2b_contro2.lst) TABS(2) OBJECT(.\Objects\prac2b_contro2.obj)

line level    source

   1          #include <reg52.h>
   2          void delay(){
   3   1        unsigned int i;
   4   1        for( i=0;i<1000;i++);
   5   1        
   6   1      }
   7          void main(){
   8   1        while(1){
   9   2          P2=P1;
  10   2          delay();
  11   2        }
  12   1        
  13   1        
  14   1      }


MODULE INFORMATION:   STATIC OVERLAYABLE
   CODE SIZE        =     23    ----
   CONSTANT SIZE    =   ----    ----
   XDATA SIZE       =   ----    ----
   PDATA SIZE       =   ----    ----
   DATA SIZE        =   ----    ----
   IDATA SIZE       =   ----    ----
   BIT SIZE         =   ----    ----
END OF MODULE INFORMATION.


C51 COMPILATION COMPLETE.  0 WARNING(S),  0 ERROR(S)
