C51 COMPILER V9.60.7.0   PRAC5A                                                            03/11/2023 23:55:01 PAGE 1   


C51 COMPILER V9.60.7.0, COMPILATION OF MODULE PRAC5A
OBJECT MODULE PLACED IN .\Objects\prac5a.obj
COMPILER INVOKED BY: C:\Keil_v5\C51\BIN\C51.EXE prac5a.c OPTIMIZE(8,SPEED) BROWSE DEBUG OBJECTEXTEND PRINT(.\Listings\pr
                    -ac5a.lst) TABS(2) OBJECT(.\Objects\prac5a.obj)

line level    source

   1          #include<reg51.h>
   2          void main()
   3          {
   4   1        P2= 0x00;
   5   1        while(1)
   6   1        {
   7   2          do
   8   2          {
   9   3            P2 += 0x05;
  10   3          }
  11   2          while(P2 < 0xFF);
  12   2          do
  13   2          {
  14   3            P2 -= 0x05;
  15   3          }
  16   2          while(P2 > 0x00);
  17   2        }
  18   1      }


MODULE INFORMATION:   STATIC OVERLAYABLE
   CODE SIZE        =     31    ----
   CONSTANT SIZE    =   ----    ----
   XDATA SIZE       =   ----    ----
   PDATA SIZE       =   ----    ----
   DATA SIZE        =   ----    ----
   IDATA SIZE       =   ----    ----
   BIT SIZE         =   ----    ----
END OF MODULE INFORMATION.


C51 COMPILATION COMPLETE.  0 WARNING(S),  0 ERROR(S)
