C51 COMPILER V9.60.7.0   LEDBLINK                                                          02/01/2023 20:13:13 PAGE 1   


C51 COMPILER V9.60.7.0, COMPILATION OF MODULE LEDBLINK
OBJECT MODULE PLACED IN .\Objects\ledblink.obj
COMPILER INVOKED BY: C:\Keil_v5\C51\BIN\C51.EXE ledblink.c OPTIMIZE(8,SPEED) BROWSE DEBUG OBJECTEXTEND PRINT(.\Listings\
                    -ledblink.lst) TABS(2) OBJECT(.\Objects\ledblink.obj)

line level    source

   1          #include<reg52.h>
   2          sbit led = P1^0;
   3          sbit led2 = P1^1;
   4          sbit led3 = P1^2;
   5          
   6          
   7          void delay(){
   8   1      int i,j;
   9   1      for(i=0;i<10;i++){
  10   2      for(j=0;j<2000;j++){
  11   3      }
  12   2      }
  13   1      }
  14          void main(){
  15   1        led=0;
  16   1      led2=0;
  17   1      led3=0;
  18   1        
  19   1      while(1){
  20   2      led=0;
  21   2      delay();
  22   2      led=1;
  23   2      delay();
  24   2      led=0;
  25   2      
  26   2      led2=0;
  27   2      delay();
  28   2      led2=1;
  29   2      delay();
  30   2        led2=0;
  31   2      
  32   2      led3=0;
  33   2      delay();
  34   2      led3=1;
  35   2      delay();
  36   2      led3=0;
  37   2      }
  38   1      }


MODULE INFORMATION:   STATIC OVERLAYABLE
   CODE SIZE        =     73    ----
   CONSTANT SIZE    =   ----    ----
   XDATA SIZE       =   ----    ----
   PDATA SIZE       =   ----    ----
   DATA SIZE        =   ----    ----
   IDATA SIZE       =   ----    ----
   BIT SIZE         =   ----    ----
END OF MODULE INFORMATION.


C51 COMPILATION COMPLETE.  0 WARNING(S),  0 ERROR(S)
