C51 COMPILER V9.60.7.0   TOGGLING                                                          02/07/2023 22:27:46 PAGE 1   


C51 COMPILER V9.60.7.0, COMPILATION OF MODULE TOGGLING
OBJECT MODULE PLACED IN .\Objects\toggling.obj
COMPILER INVOKED BY: C:\Keil_v5\C51\BIN\C51.EXE toggling.c OPTIMIZE(8,SPEED) BROWSE DEBUG OBJECTEXTEND PRINT(.\Listings\
                    -toggling.lst) TABS(2) OBJECT(.\Objects\toggling.obj)

line level    source

   1          #include<reg52.h>
   2          void delay(){
   3   1        int i,j;
   4   1        for(i=0;i<10;i++){
   5   2          for(j=0;j<1000;j++){
   6   3          }
   7   2        }
   8   1        
   9   1      }
  10          void main(){
  11   1      while(1){
  12   2      delay();
  13   2        P1=0x00;
  14   2        delay();
  15   2      P1=0xFF;
  16   2      }
  17   1      }


MODULE INFORMATION:   STATIC OVERLAYABLE
   CODE SIZE        =     43    ----
   CONSTANT SIZE    =   ----    ----
   XDATA SIZE       =   ----    ----
   PDATA SIZE       =   ----    ----
   DATA SIZE        =   ----    ----
   IDATA SIZE       =   ----    ----
   BIT SIZE         =   ----    ----
END OF MODULE INFORMATION.


C51 COMPILATION COMPLETE.  0 WARNING(S),  0 ERROR(S)
