C51 COMPILER V9.60.7.0   PRAC2B_CONTRO1                                                    02/11/2023 22:00:33 PAGE 1   


C51 COMPILER V9.60.7.0, COMPILATION OF MODULE PRAC2B_CONTRO1
OBJECT MODULE PLACED IN .\Objects\prac2b_contro1.obj
COMPILER INVOKED BY: C:\Keil_v5\C51\BIN\C51.EXE prac2b_contro1.c OPTIMIZE(8,SPEED) BROWSE DEBUG OBJECTEXTEND PRINT(.\Lis
                    -tings\prac2b_contro1.lst) TABS(2) OBJECT(.\Objects\prac2b_contro1.obj)

line level    source

   1          #include<reg51.h>
   2          void main()
   3          {
   4   1        void delay();
   5   1      while (1){
   6   2      P1 = 0X55;
   7   2        P2=P1;//Set up a hex value at port 2 of first controller
   8   2        delay();
   9   2        
  10   2      }
  11   1       
  12   1      }
  13          
  14          void delay(){
  15   1        unsigned int i;
  16   1        for (i=0;i<1000;i++){
  17   2        }
  18   1        
  19   1      }


MODULE INFORMATION:   STATIC OVERLAYABLE
   CODE SIZE        =     26    ----
   CONSTANT SIZE    =   ----    ----
   XDATA SIZE       =   ----    ----
   PDATA SIZE       =   ----    ----
   DATA SIZE        =   ----    ----
   IDATA SIZE       =   ----    ----
   BIT SIZE         =   ----    ----
END OF MODULE INFORMATION.


C51 COMPILATION COMPLETE.  0 WARNING(S),  0 ERROR(S)
